<?xml version="1.0" encoding="UTF-8" ?>
<testsuite errors="1" failures="0" hostname="sagar" name="com.ttnd.linksharing.ResourceControllerSpec" tests="1" time="6.498" timestamp="2016-02-23T11:41:07">
  <properties />
  <testcase classname="com.ttnd.linksharing.ResourceControllerSpec" name="test delete" time="6.418">
    <error message="Proxy for [com.ttnd.LinkSharing.Resource:10] could not be initialized" type="org.springframework.dao.DataIntegrityViolationException">org.springframework.dao.DataIntegrityViolationException: Proxy for [com.ttnd.LinkSharing.Resource:10] could not be initialized
	at org.grails.datastore.mapping.proxy.JavassistProxyFactory$1.resolveDelegate(JavassistProxyFactory.java:101)
	at org.grails.datastore.mapping.proxy.EntityProxyMethodHandler.getProxyTarget(EntityProxyMethodHandler.java:89)
	at org.grails.datastore.mapping.proxy.JavassistProxyFactory$1.handleInvocationFallback(JavassistProxyFactory.java:118)
	at org.grails.datastore.mapping.proxy.EntityProxyMethodHandler.handleInvocation(EntityProxyMethodHandler.java:57)
	at org.grails.datastore.mapping.proxy.GroovyObjectMethodHandler.invoke(GroovyObjectMethodHandler.java:134)
	at com.ttnd.linksharing.ResourceController.delete(ResourceController.groovy:8)
	at org.springsource.loaded.ri.ReflectiveInterceptor.jlrMethodInvoke(ReflectiveInterceptor.java:1270)
	at com.ttnd.linksharing.ResourceControllerSpec.test delete(ResourceControllerSpec.groovy:18)
</error>
    <error message="Proxy for [com.ttnd.LinkSharing.Resource:11] could not be initialized" type="org.springframework.dao.DataIntegrityViolationException">org.springframework.dao.DataIntegrityViolationException: Proxy for [com.ttnd.LinkSharing.Resource:11] could not be initialized
	at org.grails.datastore.mapping.proxy.JavassistProxyFactory$1.resolveDelegate(JavassistProxyFactory.java:101)
	at org.grails.datastore.mapping.proxy.EntityProxyMethodHandler.getProxyTarget(EntityProxyMethodHandler.java:89)
	at org.grails.datastore.mapping.proxy.JavassistProxyFactory$1.handleInvocationFallback(JavassistProxyFactory.java:118)
	at org.grails.datastore.mapping.proxy.EntityProxyMethodHandler.handleInvocation(EntityProxyMethodHandler.java:57)
	at org.grails.datastore.mapping.proxy.GroovyObjectMethodHandler.invoke(GroovyObjectMethodHandler.java:134)
	at com.ttnd.linksharing.ResourceController.delete(ResourceController.groovy:8)
	at org.springsource.loaded.ri.ReflectiveInterceptor.jlrMethodInvoke(ReflectiveInterceptor.java:1270)
	at com.ttnd.linksharing.ResourceControllerSpec.test delete(ResourceControllerSpec.groovy:18)
</error>
  </testcase>
  <system-out><![CDATA[--Output from test delete--
]]></system-out>
  <system-err><![CDATA[--Output from test delete--
]]></system-err>
</testsuite>
